cl : línea de comandos warning D9035: La opción 'Gm' está desusada y se quitará en próximas versiones
  CodeProject.cpp
C:\Users\Anubis\Desktop\UA\UAADCProjects\Individual\Parte2\NET C++\NET MatrixVectorMult (comparando assembler + C)\MatrixVectorMult\CodeProject.cpp(46,9): warning C4477: 'printf' : la cadena de formato '%d' requiere un argumento de tipo 'int', pero el argumento variádico 1 tiene el tipo '__int64'
C:\Users\Anubis\Desktop\UA\UAADCProjects\Individual\Parte2\NET C++\NET MatrixVectorMult (comparando assembler + C)\MatrixVectorMult\CodeProject.cpp(46,9): message : considere el uso de ' %lld' en la cadena de formato
C:\Users\Anubis\Desktop\UA\UAADCProjects\Individual\Parte2\NET C++\NET MatrixVectorMult (comparando assembler + C)\MatrixVectorMult\CodeProject.cpp(46,9): message : considere el uso de ' %I64d' en la cadena de formato
C:\Users\Anubis\Desktop\UA\UAADCProjects\Individual\Parte2\NET C++\NET MatrixVectorMult (comparando assembler + C)\MatrixVectorMult\CodeProject.cpp(53,9): warning C4477: 'printf' : la cadena de formato '%d' requiere un argumento de tipo 'int', pero el argumento variádico 1 tiene el tipo '__int64'
C:\Users\Anubis\Desktop\UA\UAADCProjects\Individual\Parte2\NET C++\NET MatrixVectorMult (comparando assembler + C)\MatrixVectorMult\CodeProject.cpp(53,9): message : considere el uso de ' %lld' en la cadena de formato
C:\Users\Anubis\Desktop\UA\UAADCProjects\Individual\Parte2\NET C++\NET MatrixVectorMult (comparando assembler + C)\MatrixVectorMult\CodeProject.cpp(53,9): message : considere el uso de ' %I64d' en la cadena de formato
C:\Users\Anubis\Desktop\UA\UAADCProjects\Individual\Parte2\NET C++\NET MatrixVectorMult (comparando assembler + C)\MatrixVectorMult\CodeProject.cpp(25,1): warning C4996: 'scanf': This function or variable may be unsafe. Consider using scanf_s instead. To disable deprecation, use _CRT_SECURE_NO_WARNINGS. See online help for details.
F:\Windows Kits\10\Include\10.0.18362.0\ucrt\stdio.h(1274): message : vea la declaración de 'scanf'
C:\Users\Anubis\Desktop\UA\UAADCProjects\Individual\Parte2\NET C++\NET MatrixVectorMult (comparando assembler + C)\MatrixVectorMult\CodeProject.cpp(62,1): warning C4996: 'getch': The POSIX name for this item is deprecated. Instead, use the ISO C and C++ conformant name: _getch. See online help for details.
F:\Windows Kits\10\Include\10.0.18362.0\ucrt\conio.h(453): message : vea la declaración de 'getch'
C:\Users\Anubis\Desktop\UA\UAADCProjects\Individual\Parte2\NET C++\NET MatrixVectorMult (comparando assembler + C)\MatrixVectorMult\CodeProject.cpp(181): warning C4731: 'MatrixVector_SSE': registro de puntero de marco 'ebx' modificado por código de ensamblado alineado
C:\Users\Anubis\Desktop\UA\UAADCProjects\Individual\Parte2\NET C++\NET MatrixVectorMult (comparando assembler + C)\MatrixVectorMult\CodeProject.cpp(265): warning C4731: 'MatrixVector_SSE': registro de puntero de marco 'ebx' modificado por código de ensamblado alineado
C:\Users\Anubis\Desktop\UA\UAADCProjects\Individual\Parte2\NET C++\NET MatrixVectorMult (comparando assembler + C)\MatrixVectorMult\CodeProject.cpp(272): warning C4731: 'MatrixVector_SSE': registro de puntero de marco 'ebx' modificado por código de ensamblado alineado
C:\Users\Anubis\Desktop\UA\UAADCProjects\Individual\Parte2\NET C++\NET MatrixVectorMult (comparando assembler + C)\MatrixVectorMult\CodeProject.cpp(273): warning C4731: 'MatrixVector_SSE': registro de puntero de marco 'ebx' modificado por código de ensamblado alineado
C:\Users\Anubis\Desktop\UA\UAADCProjects\Individual\Parte2\NET C++\NET MatrixVectorMult (comparando assembler + C)\MatrixVectorMult\CodeProject.cpp(292): warning C4731: 'MatrixVector_SSE': registro de puntero de marco 'ebx' modificado por código de ensamblado alineado
C:\Users\Anubis\Desktop\UA\UAADCProjects\Individual\Parte2\NET C++\NET MatrixVectorMult (comparando assembler + C)\MatrixVectorMult\CodeProject.cpp(300): warning C4731: 'MatrixVector_SSE': registro de puntero de marco 'ebx' modificado por código de ensamblado alineado
C:\Users\Anubis\Desktop\UA\UAADCProjects\Individual\Parte2\NET C++\NET MatrixVectorMult (comparando assembler + C)\MatrixVectorMult\CodeProject.cpp(327): warning C4731: 'MatrixVector_SSE': registro de puntero de marco 'ebx' modificado por código de ensamblado alineado
C:\Users\Anubis\Desktop\UA\UAADCProjects\Individual\Parte2\NET C++\NET MatrixVectorMult (comparando assembler + C)\MatrixVectorMult\CodeProject.cpp(351): warning C4731: 'MatrixVector_SSE': registro de puntero de marco 'ebx' modificado por código de ensamblado alineado
C:\Users\Anubis\Desktop\UA\UAADCProjects\Individual\Parte2\NET C++\NET MatrixVectorMult (comparando assembler + C)\MatrixVectorMult\CodeProject.cpp(359): warning C4731: 'MatrixVector_SSE': registro de puntero de marco 'ebx' modificado por código de ensamblado alineado
C:\Users\Anubis\Desktop\UA\UAADCProjects\Individual\Parte2\NET C++\NET MatrixVectorMult (comparando assembler + C)\MatrixVectorMult\CodeProject.cpp(378): warning C4731: 'MatrixVector_SSE': registro de puntero de marco 'ebx' modificado por código de ensamblado alineado
C:\Users\Anubis\Desktop\UA\UAADCProjects\Individual\Parte2\NET C++\NET MatrixVectorMult (comparando assembler + C)\MatrixVectorMult\CodeProject.cpp(389): warning C4731: 'MatrixVector_SSE': registro de puntero de marco 'ebx' modificado por código de ensamblado alineado
C:\Users\Anubis\Desktop\UA\UAADCProjects\Individual\Parte2\NET C++\NET MatrixVectorMult (comparando assembler + C)\MatrixVectorMult\CodeProject.cpp(396): warning C4731: 'MatrixVector_SSE': registro de puntero de marco 'ebx' modificado por código de ensamblado alineado
C:\Users\Anubis\Desktop\UA\UAADCProjects\Individual\Parte2\NET C++\NET MatrixVectorMult (comparando assembler + C)\MatrixVectorMult\CodeProject.cpp(403): warning C4731: 'MatrixVector_SSE': registro de puntero de marco 'ebx' modificado por código de ensamblado alineado
  CodeProject.vcxproj -> C:\Users\Anubis\Desktop\UA\UAADCProjects\Individual\Parte2\NET C++\NET MatrixVectorMult (comparando assembler + C)\MatrixVectorMult\.\Debug\CodeProject.exe
